-------------------------------------------
Batch: 0
-------------------------------------------
+--------------------+-----+
|            customer|score|
+--------------------+-----+
|Edward.Fibonnaci@...| -6.0|
| Lyn.Khatib@test.com|-22.5|
|Christina.Howard@...| 16.5|
|Sean.Spencer@test...|  6.5|
|Senthil.Davis@tes...| 24.0|
|Christina.Anandh@...| -4.0|
|Spencer.Phillips@...| -5.5|
|Chris.Davis@test.com| -2.0|
|Bobby.Khatib@test...| -3.5|
|Christina.Khatib@...| -2.0|
|  Lyn.Mitra@test.com| -4.0|
|Christina.Lincoln...| -3.0|
|Angie.Khatib@test...| -2.0|
|Edward.Mitra@test...| -2.0|
|John.Gonzalez@tes...| -4.5|
|Neeraj.Huey@test.com| 34.0|
|David.Jefferson@t...| 10.0|
|Frank.Jones@test.com| 18.5|
|Sean.Hansen@test.com|-26.5|
|  Dan.Doshi@test.com|  0.5|
+--------------------+-----+
only showing top 20 rows

-------------------------------------------
Batch: 1
-------------------------------------------
+--------------------+-----+
|            customer|score|
+--------------------+-----+
|Edward.Fibonnaci@...| -7.5|
| Lyn.Khatib@test.com| 22.0|
|Christina.Howard@...|-15.0|
|Sean.Spencer@test...| 19.0|
|Senthil.Davis@tes...|-12.0|
+--------------------+-----+

-------------------------------------------
Batch: 2
-------------------------------------------
+--------------------+-----+
|            customer|score|
+--------------------+-----+
|Christina.Anandh@...| -2.5|
+--------------------+-----+

-------------------------------------------
Batch: 3
-------------------------------------------
+--------------------+-----+
|            customer|score|
+--------------------+-----+
|Spencer.Phillips@...| -1.5|
+--------------------+-----+

-------------------------------------------
Batch: 4
-------------------------------------------
+--------------------+-----+
|            customer|score|
+--------------------+-----+
|Chris.Davis@test.com| -5.0|
+--------------------+-----+

-------------------------------------------
Batch: 5
-------------------------------------------
+--------------------+-----+
|            customer|score|
+--------------------+-----+
|Bobby.Khatib@test...| -4.5|
+--------------------+-----+

-------------------------------------------
Batch: 6
-------------------------------------------
+--------------------+-----+
|            customer|score|
+--------------------+-----+
|Christina.Khatib@...| -5.0|
+--------------------+-----+

-------------------------------------------
Batch: 7
-------------------------------------------
+------------------+-----+
|          customer|score|
+------------------+-----+
|Lyn.Mitra@test.com| -2.0|
+------------------+-----+

